[4924:4928 - 2016/11/12 08:46 18111:WARNING:renderer_main.cc(194)] Running without renderer sandbox
[4924:4928 - 2016/11/12 08:46 19125:ERROR:aef_external_client.cpp(386)] faild to load library with error: 5 with path: C:\Program Files (x86)\AliWangWang\9.05.06C
[5516:5520 - 2016/11/12 08:46 19484:WARNING:renderer_main.cc(194)] Running without renderer sandbox
[3284:3288 - 2016/11/12 08:46 25818:INFO:CONSOLE(8)] "Uncaught TypeError: e.replace is not a function", source: http://acc.alicdn.com/tfscom/TB1KIdpMFXXXXbXaXXXdutXFXXX.js (8)
[3284:3288 - 2016/11/12 08:46 29530:INFO:CONSOLE(19373)] "%cWARNGIN: 未找到sid对应的task!", source: alires:///webui/public/leftbar/index.js (19373)
[3284:3288 - 2016/11/12 08:46 29546:INFO:CONSOLE(19471)] "Uncaught (in promise) Invaild param!", source: alires:///webui/public/leftbar/index.js (19471)
[3284:3288 - 2016/11/12 08:46 29546:INFO:CONSOLE(0)] "Uncaught (in promise) undefined", source: alires:///webui/pages/rightbar.html (0)
[3284:3288 - 2016/11/12 08:47 90636:INFO:CONSOLE(19373)] "%cWARNGIN: 未找到sid对应的task!", source: alires:///webui/public/leftbar/index.js (19373)
[3284:3288 - 2016/11/12 08:47 90636:INFO:CONSOLE(19373)] "%cWARNGIN: 未找到sid对应的task!", source: alires:///webui/public/leftbar/index.js (19373)
[3284:3288 - 2016/11/12 08:47 90776:INFO:CONSOLE(0)] "Document was loaded from Application Cache with manifest https://awp.taobao.com/manifest/1752500277/bs/pcww/focus.manifest", source: https://awp.taobao.com/bs/pcww/focus.html#/focus (0)
[3284:3288 - 2016/11/12 08:47 90792:INFO:CONSOLE(0)] "Application Cache Checking event", source: https://awp.taobao.com/bs/pcww/focus.html#/focus (0)
[3284:3288 - 2016/11/12 08:47 90901:INFO:CONSOLE(0)] "Application Cache NoUpdate event", source: https://awp.taobao.com/bs/pcww/focus.html#/focus (0)
[3284:3288 - 2016/11/12 08:47 91619:INFO:CONSOLE(0)] "Adding master entry to Application Cache with manifest https://awp.taobao.com/manifest/1752500277/bs/pcww/alimm-ad-frame.manifest", source: https://awp.taobao.com/bs/pcww/focus.html#/focus/hot?_k=fp6041 (0)
[3284:3288 - 2016/11/12 08:47 91619:INFO:CONSOLE(0)] "Adding master entry to Application Cache with manifest https://awp.taobao.com/manifest/1752500277/bs/pcww/alimm-ad-frame.manifest", source: https://awp.taobao.com/bs/pcww/focus.html#/focus/hot?_k=fp6041 (0)
[3284:3288 - 2016/11/12 08:47 91619:INFO:CONSOLE(0)] "Adding master entry to Application Cache with manifest https://awp.taobao.com/manifest/1752500277/bs/pcww/alimm-ad-frame.manifest", source: https://awp.taobao.com/bs/pcww/focus.html#/focus/hot?_k=fp6041 (0)
[3284:3288 - 2016/11/12 08:47 91666:INFO:CONSOLE(0)] "Application Cache NoUpdate event", source: https://awp.taobao.com/bs/pcww/focus.html#/focus/hot?_k=fp6041 (0)
[3284:3288 - 2016/11/12 08:47 92633:INFO:CONSOLE(0)] "Application Cache Checking event", source: https://awp.taobao.com/bs/pcww/focus.html#/focus/hot?_k=fp6041 (0)
[3284:3288 - 2016/11/12 08:47 92633:INFO:CONSOLE(0)] "Application Cache Checking event", source: https://awp.taobao.com/bs/pcww/focus.html#/focus/hot?_k=fp6041 (0)
[3284:3288 - 2016/11/12 08:47 92664:INFO:CONSOLE(0)] "Application Cache NoUpdate event", source: https://awp.taobao.com/bs/pcww/focus.html#/focus/hot?_k=fp6041 (0)
[3284:3288 - 2016/11/12 08:47 92664:INFO:CONSOLE(0)] "Application Cache NoUpdate event", source: https://awp.taobao.com/bs/pcww/focus.html#/focus/hot?_k=fp6041 (0)
[3284:3288 - 2016/11/12 08:47 92664:INFO:CONSOLE(0)] "Application Cache NoUpdate event", source: https://awp.taobao.com/bs/pcww/focus.html#/focus/hot?_k=fp6041 (0)
[3284:3288 - 2016/11/12 08:47 95581:INFO:CONSOLE(20946)] "IMOnSetActiveContact", source: alires:///webui/public/msg/index.js (20946)
