[4180:4184 - 2016/10/31 19:20 16988:WARNING:renderer_main.cc(194)] Running without renderer sandbox
[4180:4184 - 2016/10/31 19:20 17690:ERROR:aef_external_client.cpp(386)] faild to load library with error: 5 with path: C:\Program Files (x86)\AliWangWang\9.05.05C
[4476:4480 - 2016/10/31 19:20 17799:WARNING:renderer_main.cc(194)] Running without renderer sandbox
[2560:2564 - 2016/10/31 19:20 26364:INFO:CONSOLE(19373)] "%cWARNGIN: 未找到sid对应的task!", source: alires:///webui/public/leftbar/index.js (19373)
[2560:2564 - 2016/10/31 19:20 26379:INFO:CONSOLE(19471)] "Uncaught (in promise) Invaild param!", source: alires:///webui/public/leftbar/index.js (19471)
[2560:2564 - 2016/10/31 19:20 26379:INFO:CONSOLE(0)] "Uncaught (in promise) undefined", source: alires:///webui/pages/rightbar.html (0)
[2560:2564 - 2016/10/31 19:20 36192:INFO:CONSOLE(0)] "Document was loaded from Application Cache with manifest http://h5.m.taobao.com/manifest/aliww/qintao/fc2.manifest", source: http://h5.m.taobao.com/aliww/qintao/fc2.html (0)
[2560:2564 - 2016/10/31 19:20 36192:INFO:CONSOLE(0)] "Application Cache Checking event", source: http://h5.m.taobao.com/aliww/qintao/fc2.html (0)
[2560:2564 - 2016/10/31 19:20 36285:INFO:CONSOLE(0)] "Application Cache NoUpdate event", source: http://h5.m.taobao.com/aliww/qintao/fc2.html (0)
[2560:2564 - 2016/10/31 19:20 36332:INFO:CONSOLE(1)] "[object workbench]下没有widget属性!", source: http://g.alicdn.com/aliww/lib-u-script/scripts/jssdk2.js?v=2905216035_3590 (1)
[2560:2564 - 2016/10/31 19:20 36332:INFO:CONSOLE(1)] "[object ]下没有subscibe属性!", source: http://g.alicdn.com/aliww/lib-u-script/scripts/jssdk2.js?v=2905216035_3590 (1)
[2560:2564 - 2016/10/31 19:20 36332:INFO:CONSOLE(1)] "[object ]下没有shop属性!", source: http://g.alicdn.com/aliww/lib-u-script/scripts/jssdk2.js?v=2905216035_3590 (1)
[2560:2564 - 2016/10/31 19:20 36332:INFO:CONSOLE(1)] "[object workbench]下没有subsinit属性!", source: http://g.alicdn.com/aliww/lib-u-script/scripts/jssdk2.js?v=2905216035_3590 (1)
[2560:2564 - 2016/10/31 19:20 36332:INFO:CONSOLE(1)] "[object Object]下没有widget属性!", source: http://g.alicdn.com/aliww/client.qintao.widget/1.7.12/scripts/fc.js?v=107150517_17356 (1)
[2560:2564 - 2016/10/31 19:20 36332:INFO:CONSOLE(1)] "[object Object]下没有subscibe属性!", source: http://g.alicdn.com/aliww/client.qintao.widget/1.7.12/scripts/fc.js?v=107150517_17356 (1)
[2560:2564 - 2016/10/31 19:20 36332:INFO:CONSOLE(1)] "[object Object]下没有shop属性!", source: http://g.alicdn.com/aliww/client.qintao.widget/1.7.12/scripts/fc.js?v=107150517_17356 (1)
[2560:2564 - 2016/10/31 19:20 36332:INFO:CONSOLE(1)] "[object Object]下没有subsinit属性!", source: http://g.alicdn.com/aliww/client.qintao.widget/1.7.12/scripts/fc.js?v=107150517_17356 (1)
[2560:2564 - 2016/10/31 19:20 36332:INFO:CONSOLE(1)] "duhuanbiao136,GetUserNick,[object Object]", source: http://g.alicdn.com/aliww/client.qintao.widget/1.7.12/scripts/fc.js?v=107150517_17356 (1)
[2560:2564 - 2016/10/31 19:20 36332:INFO:CONSOLE(1)] "[object Object],GetOperationInfo,[object Object]", source: http://g.alicdn.com/aliww/client.qintao.widget/1.7.12/scripts/fc.js?v=107150517_17356 (1)
[2560:4092 - 2016/10/31 20:05 2711063:WARNING:dns_config_service_win.cc(673)] Failed to read DnsConfig.
[2560:4092 - 2016/10/31 20:05 2711141:WARNING:dns_config_service_win.cc(673)] Failed to read DnsConfig.
[2560:4092 - 2016/10/31 20:20 3611064:WARNING:dns_config_service_win.cc(673)] Failed to read DnsConfig.
[2560:4092 - 2016/10/31 20:20 3611064:WARNING:dns_config_service_win.cc(673)] Failed to read DnsConfig.
[2560:4092 - 2016/10/31 20:20 3611095:WARNING:dns_config_service_win.cc(673)] Failed to read DnsConfig.
[2560:4092 - 2016/10/31 20:20 3611095:WARNING:dns_config_service_win.cc(673)] Failed to read DnsConfig.
